current directory: /Users/roof/Desktop/slackbot-Twitter/vender/ruby/2.3.0/gems/oj-2.17.1/ext/oj
/Users/roof/.rbenv/versions/2.3.0/bin/ruby -r ./siteconf20160712-60618-1y8hsbq.rb extconf.rb
>>>>> Creating Makefile for ruby version 2.3.0 on x86_64-darwin15 <<<<<
creating Makefile

current directory: /Users/roof/Desktop/slackbot-Twitter/vender/ruby/2.3.0/gems/oj-2.17.1/ext/oj
make "DESTDIR=" clean

current directory: /Users/roof/Desktop/slackbot-Twitter/vender/ruby/2.3.0/gems/oj-2.17.1/ext/oj
make "DESTDIR="
compiling cache8.c
compiling circarray.c
compiling compat.c
compiling dump.c
compiling err.c
compiling fast.c
compiling hash.c
compiling hash_test.c
compiling object.c
compiling odd.c
compiling oj.c
compiling parse.c
compiling reader.c
compiling resolve.c
compiling saj.c
compiling scp.c
compiling sparse.c
compiling strict.c
compiling val_stack.c
linking shared-object oj/oj.bundle

current directory: /Users/roof/Desktop/slackbot-Twitter/vender/ruby/2.3.0/gems/oj-2.17.1/ext/oj
make "DESTDIR=" install
/usr/bin/install -c -m 0755 oj.bundle ./.gem.20160712-60618-1vgc10e/oj
